0
0
6.95336e-310
6.95336e-310
6.95336e-310
-4.86585e+142
0
0
6.95336e-310
6.95336e-310
6.95336e-310
-4.86585e+142
0
0
6.95336e-310
6.95336e-310
6.95336e-310
-4.86585e+142
0
0
6.95336e-310
6.95336e-310
6.95336e-310
-4.86585e+142
0
-4.86585e+142
6.95336e-310
0
6.95336e-310
6.95336e-310
6.95336e-310
-4.86585e+142
0
0
6.95336e-310
6.95336e-310
6.95336e-310
-4.86585e+142
0
0
6.95336e-310
6.95336e-310
6.95336e-310
-4.86585e+142
0
0
6.95336e-310
6.95336e-310
6.95336e-310
-4.86585e+142
0
0
6.95336e-310
6.95336e-310
6.95336e-310
-4.86585e+142
0
0
6.95336e-310
6.95336e-310
6.95336e-310
-4.86585e+142
0
0
6.95336e-310
6.95336e-310
6.95336e-310
-4.86585e+142
0
0
6.95336e-310
6.95336e-310
6.95336e-310
-4.86585e+142
0
0
6.95336e-310
6.95336e-310
6.95336e-310
-4.86585e+142
0
-4.86585e+142
6.95336e-310
0
6.95336e-310
6.95336e-310
6.95336e-310
-4.86585e+142
0
0
6.95336e-310
6.95336e-310
6.95336e-310
-4.86585e+142
0
0
6.95336e-310
6.95336e-310
6.95336e-310
-4.86585e+142
0
0
6.95336e-310
6.95336e-310
6.95336e-310
-4.86585e+142
0
0
6.95336e-310
6.95336e-310
6.95336e-310
-4.86585e+142
0
0
6.95336e-310
6.95336e-310
6.95336e-310
-4.86585e+142
0
0
6.95336e-310
6.95336e-310
6.95336e-310
-4.86585e+142
0
0
6.95336e-310
6.95336e-310
6.95336e-310
-4.86585e+142
0
0
6.95336e-310
6.95336e-310
6.95336e-310
-4.86585e+142
0
0
6.95336e-310
6.95336e-310
6.95336e-310
-4.86585e+142
0
-4.86585e+142
6.95336e-310
0
6.95336e-310
6.95336e-310
6.95336e-310
-4.86585e+142
0
0
6.95336e-310
6.95336e-310
6.95336e-310
-4.86585e+142
0
0
6.95336e-310
6.95336e-310
6.95336e-310
-4.86585e+142
0
0
6.95336e-310
6.95336e-310
6.95336e-310
-4.86585e+142
0
0
6.95336e-310
6.95336e-310
6.95336e-310
-4.86585e+142
0
0
6.95336e-310
6.95336e-310
6.95336e-310
-4.86585e+142
0
0
6.95336e-310
6.95336e-310
6.95336e-310
-4.86585e+142
0
0
6.95336e-310
6.95336e-310
6.95336e-310
-4.86585e+142
0
0
6.95336e-310
6.95336e-310
6.95336e-310
-4.86585e+142
0
0
6.95336e-310
6.95336e-310
6.95336e-310
-4.86585e+142
0
-4.86585e+142
6.95336e-310
0
6.95336e-310
6.95336e-310
6.95336e-310
-4.86585e+142
0
0
6.95336e-310
6.95336e-310
6.95336e-310
-4.86585e+142
0
0
6.95336e-310
6.95336e-310
6.95336e-310
-4.86585e+142
0
0
6.95336e-310
6.95336e-310
6.95336e-310
-4.86585e+142
0
0
6.95336e-310
6.95336e-310
6.95336e-310
-4.86585e+142
0
0
6.95336e-310
6.95336e-310
6.95336e-310
-4.86585e+142
0
0
6.95336e-310
6.95336e-310
6.95336e-310
-4.86585e+142
0
0
6.95336e-310
6.95336e-310
6.95336e-310
-4.86585e+142
0
0
6.95336e-310
6.95336e-310
6.95336e-310
-4.86585e+142
0
-4.86585e+142
6.95336e-310
0
6.95336e-310
6.95336e-310
6.95336e-310
-4.86585e+142
0
0
6.95336e-310
6.95336e-310
6.95336e-310
-4.86585e+142
0
0
6.95336e-310
6.95336e-310
6.95336e-310
-4.86585e+142
0
0
6.95336e-310
6.95336e-310
6.95336e-310
-4.86585e+142
0
0
6.95336e-310
6.95336e-310
6.95336e-310
-4.86585e+142
0
0
6.95336e-310
6.95336e-310
6.95336e-310
-4.86585e+142
0
0
6.95336e-310
6.95336e-310
6.95336e-310
-4.86585e+142
0
0
6.95336e-310
6.95336e-310
6.95336e-310
-4.86585e+142
0
0
6.95336e-310
6.95336e-310
6.95336e-310
-4.86585e+142
0
0
6.95336e-310
6.95336e-310
6.95336e-310
-4.86585e+142
0
0
6.95336e-310
6.95336e-310
6.95336e-310
-4.86585e+142
0
-4.86585e+142
6.95336e-310
0
6.95336e-310
6.95336e-310
6.95336e-310
-4.86585e+142
0
0
6.95336e-310
6.95336e-310
6.95336e-310
-4.86585e+142
0
0
6.95336e-310
6.95336e-310
6.95336e-310
-4.86585e+142
0
0
6.95336e-310
6.95336e-310
6.95336e-310
-4.86585e+142
0
0
6.95336e-310
6.95336e-310
6.95336e-310
-4.86585e+142
0
0
6.95336e-310
6.95336e-310
6.95336e-310
-4.86585e+142
0
0
6.95336e-310
6.95336e-310
6.95336e-310
-4.86585e+142
0
0
6.95336e-310
6.95336e-310
6.95336e-310
-4.86585e+142
0
0
6.95336e-310
6.95336e-310
6.95336e-310
-4.86585e+142
0
0
6.95336e-310
6.95336e-310
6.95336e-310
-4.86585e+142
0
-4.86585e+142
6.95336e-310
0
6.95336e-310
6.95336e-310
6.95336e-310
-4.86585e+142
0
0
6.95336e-310
6.95336e-310
6.95336e-310
-4.86585e+142
0
0
6.95336e-310
6.95336e-310
6.95336e-310
-4.86585e+142
0
0
6.95336e-310
6.95336e-310
6.95336e-310
-4.86585e+142
0
0
6.95336e-310
6.95336e-310
6.95336e-310
-4.86585e+142
0
0
6.95336e-310
6.95336e-310
6.95336e-310
-4.86585e+142
0
0
6.95336e-310
6.95336e-310
6.95336e-310
-4.86585e+142
0
0
6.95336e-310
6.95336e-310
6.95336e-310
-4.86585e+142
0
0
6.95336e-310
6.95336e-310
6.95336e-310
-4.86585e+142
0
0
6.95336e-310
6.95336e-310
6.95336e-310
-4.86585e+142
0
0
6.95336e-310
6.95336e-310
6.95336e-310
-4.86585e+142
0
0
6.95336e-310
6.95336e-310
6.95336e-310
-4.86585e+142
0
-4.86585e+142
6.95336e-310
0
6.95336e-310
6.95336e-310
6.95336e-310
-4.86585e+142
0
0
6.95336e-310
6.95336e-310
6.95336e-310
-4.86585e+142
0
0
6.95336e-310
6.95336e-310
6.95336e-310
-4.86585e+142
0
0
6.95336e-310
6.95336e-310
6.95336e-310
-4.86585e+142
0
0
6.95336e-310
6.95336e-310
6.95336e-310
-4.86585e+142
0
0
6.95336e-310
6.95336e-310
6.95336e-310
-4.86585e+142
0
0
6.95336e-310
6.95336e-310
6.95336e-310
-4.86585e+142
0
0
6.95336e-310
6.95336e-310
6.95336e-310
-4.86585e+142
0
0
6.95336e-310
6.95336e-310
6.95336e-310
-4.86585e+142
0
0
6.95336e-310
6.95336e-310
6.95336e-310
-4.86585e+142
0
0
6.95336e-310
6.95336e-310
6.95336e-310
-4.86585e+142
0
0
6.95336e-310
6.95336e-310
6.95336e-310
-4.86585e+142
0
0
6.95336e-310
6.95336e-310
6.95336e-310
-4.86585e+142
0
0
6.95336e-310
6.95336e-310
6.95336e-310
-4.86585e+142
0
0
6.95336e-310
6.95336e-310
6.95336e-310
-4.86585e+142
0
0
6.95336e-310
6.95336e-310
6.95336e-310
-4.86585e+142
0
0
6.95336e-310
6.95336e-310
6.95336e-310
-4.86585e+142
0
0
6.95335e-310
4.94066e-324
7.45232e-316
7.45232e-316
5.18073e-318
6.95335e-310
6.95336e-310
6.95336e-310
6.95336e-310
0
0
-4.86585e+142
6.95336e-310
0
6.95336e-310
6.95336e-310
6.95336e-310
0
0
6.66888e-316
8.18594e-316
2.59033e-318
1.29001e-315
6.95336e-310
6.95336e-310
6.66878e-316
6.95336e-310
6.95336e-310
6.95336e-310
6.66866e-316
6.95336e-310
6.95336e-310
6.95336e-310
6.66859e-316
1.29001e-315
6.95336e-310
6.95336e-310
6.6686e-316
1.32493e-315
6.95336e-310
6.95336e-310
6.66855e-316
6.95336e-310
6.95336e-310
6.95336e-310
6.66845e-316
0.001
6.95336e-310
6.90342e-316
6.88884e-316
9.374e-309
9.374e-309
4.687e-309
2.1221e-314
6.95336e-310
6.95314e-310
7.49597e-316
1.28174e-315
1.28174e-315
1.28174e-315
7.44416e-316
1.27723e-315
1.27723e-315
1.27723e-315
1.29001e-315
1.32493e-315
1.33146e-315
7.12073e-316
7.57661e-316
7.66391e-316
7.66391e-316
6.9246e-316
7.40051e-316
7.44416e-316
7.45232e-316
6.65196e-316
7.45232e-316
7.49597e-316
7.50412e-316
-4.86585e+142
-2.97799
0
6.95336e-310
6.95336e-310
6.95336e-310
0
0
6.6521e-316
-0.699021
2.18255e-318
7.03342e-316
6.95336e-310
6.95336e-310
6.65184e-316
4.14287
6.95336e-310
6.95336e-310
6.65164e-316
6.95336e-310
6.95336e-310
6.95336e-310
-4.86585e+142
7.03342e-316
2.18255e-318
6.95336e-310
6.95336e-310
6.95336e-310
0
0
6.64894e-316
6.95336e-310
5.18065e-318
1.15163e-315
6.95336e-310
6.95336e-310
6.64892e-316
-2.12276
6.95336e-310
6.95336e-310
6.6489e-316
6.95336e-310
6.95336e-310
6.95336e-310
6.64889e-316
1.15163e-315
6.95336e-310
6.95336e-310
6.64889e-316
1.18093e-315
6.95336e-310
6.95336e-310
6.64888e-316
6.95336e-310
6.95336e-310
6.95336e-310
6.66093e-316
6.95336e-310
6.88782e-316
9.374e-309
-1.09647
1.15163e-315
1.18093e-315
1.19308e-315
1.08459e-315
1.19308e-315
1.21927e-315
1.23453e-315
-4.86585e+142
4.55331e-318
6.88782e-316
