3.125
4.14062
2.76562
3.96875
3.4375
3.51562
3.92188
3.8125
3.625
3.0625
3.45312
4.23438
4.07812
3.67188
3.64062
3.51562
3.78125
3.4375
3.60938
3.96875
4.04688
4.04688
4.03125
3.79688
3.65625
3.70312
4.03125
4.39062
3.28125
4.15625
4.39062
3.40625
3.96875
4.03125
4.53125
4.0625
3.90625
4.53125
4.28125
4.04688
4.25
4.40625
4.03125
4.15625
3.71875
4.03125
4.34375
3.29688
3.6875
4.3125
4.875
5
4.03125
4.75
4.04688
4.5
3.96875
3.96875
4.09375
3.45312
4.59375
3.6875
3.4375
4.03125
3.375
4.01562
4.04688
3.54688
4.90625
3.39062
3.76562
4.65625
3.6875
3.29688
3.78125
3.98438
3.5
3.54688
3.79688
3.14062
4.125
3.76562
4.15625
3.64062
3.34375
3.59375
4.07812
3.82812
3.48438
4.35938
3.95312
4.45312
3.79688
3.64062
3.82812
3.84375
4.64062
4.29688
4.21875
4.53125
3.78125
5.375
5.21875
4.3125
4.64062
4.9375
3.9375
4.42188
4.82812
4.54688
4.75
4.76562
4.78125
4.20312
4.67188
4.84375
4.59375
4.8125
4.5625
4.78125
4.10938
4.5625
4.4375
4.78125
4.0625
4.98438
4.375
4.375
4.78125
5.34375
4.67188
4.23438
4.21875
4.23438
4.26562
4.95312
4.5
4.25
4.8125
4.6875
5
4.84375
4.96875
4.23438
5.59375
4.60938
5.125
4.92188
4.1875
4.54688
4.54688
4.42188
4.35938
4.04688
4.5
4.65625
4.85938
4.45312
4.17188
4.5625
4.5
4.70312
4.375
5.17188
5.17188
4.67188
5.28125
3.76562
4.5625
4.23438
4.78125
4.9375
5.14062
5.0625
4.65625
4.875
4.90625
4.01562
5.07812
5.28125
4.67188
5.23438
4.51562
4.51562
4.42188
4.48438
4.46875
5.23438
4.5625
4.96875
5.07812
5.29688
4.67188
5.54688
5.39062
4.70312
4.71875
5.26562
5.54688
4.95312
4.71875
4.8125
4.39062
4.57812
4.34375
4.65625
5.34375
5.14062
5.125
5.23438
5.42188
4.90625
4.6875
5.07812
4.34375
4.40625
5.32812
5.10938
5.67188
5.46875
5.71875
5.60938
5.67188
5.28125
5.90625
5.09375
5.3125
5.1875
5.1875
4.70312
5.14062
5.70312
4.76562
5.35938
5.625
5.54688
5.75
5.84375
5.125
5.48438
5.60938
5.5
5.04688
6.07812
6.23438
4.5625
5.73438
5.84375
6.07812
5.82812
5.17188
6.375
5.0625
5.15625
5.92188
4.89062
5.07812
6.35938
5.09375
5.95312
5.39062
5.1875
5.9375
6.3125
5.92188
6.0625
5
6.03125
5.84375
5.29688
5.07812
6.46875
5.79688
5.95312
4.875
5.48438
5.34375
5.23438
6.07812
5.4375
4.82812
6.0625
5.04688
4.89062
5.98438
5.375
6.29688
6.25
6.67188
5.28125
6.09375
4.8125
6.32812
5.35938
5.96875
5.6875
5.8125
5.26562
6.78125
6.39062
5.9375
5.0625
5.92188
4.5625
6.17188
6.60938
5.60938
5.64062
5.23438
5.85938
5.79688
5.17188
5.85938
6.34375
5.57812
5.82812
5.9375
6.25
6.14062
5.65625
5.78125
7.20312
6.3125
6.15625
6.25
6.57812
6.57812
7.625
6.25
6.42188
6.67188
6.3125
6.17188
6.07812
7.23438
6.79688
5.96875
6.71875
5.90625
6.98438
6.5625
6.375
6.15625
6.78125
6.46875
6.5
5.92188
6.07812
5.85938
6.09375
5.59375
6.42188
6.34375
7.59375
6
7
7.54688
7.17188
6.40625
6.46875
6.29688
5.96875
6.17188
6.17188
6.6875
6.09375
6.70312
5.98438
7.26562
7.26562
6.92188
7.5625
8.5
7.48438
6.79688
8.10938
8.6875
7.23438
8.39062
8.45312
7.40625
8.17188
7.42188
8.89062
7.71875
8.35938
7.375
7.51562
7.125
8.21875
7.625
7.125
7.84375
8.29688
7.35938
7.20312
8.4375
9.46875
9.0625
6.90625
7.6875
7.85938
8.04688
8.20312
7.96875
7.90625
8.04688
7.9375
8.17188
8.98438
8.10938
7.5625
7.46875
8.0625
6.17188
7.26562
8.57812
8.04688
8.45312
7.04688
8.07812
8.3125
8.5625
8.04688
8.07812
7.9375
8.29688
8.71875
7.89062
7.76562
8.32812
8.4375
9.4375
7.28125
8.53125
9.07812
8.34375
9.26562
7.70312
7.875
9.34375
8.60938
8.65625
8.96875
8.90625
7.70312
8.26562
8.46875
8.03125
8.3125
9.78125
8.9375
8.26562
8.625
8.70312
9.375
8.89062
8.89062
8.4375
8.40625
8.10938
7.73438
9.51562
8.65625
7.46875
8.98438
8.53125
8.96875
8.76562
8.78125
8.14062
9.35938
8.625
8.53125
8.95312
9.375
9.6875
8.82812
8.35938
10.1562
8.60938
8.23438
9.25
8.21875
8.15625
8.5625
9.125
7.78125
8.26562
8.35938
9.89062
8.71875
9.4375
9.29688
8.78125
8.21875
9.48438
9.29688
9.71875
8.75
9.79688
9.17188
8.14062
8.92188
9.76562
10.4375
9.51562
8.39062
9.79688
10.3281
8.34375
10.2031
8.48438
9.9375
9.65625
10
9.3125
8.375
9.89062
10.0469
9.46875
8.70312
10.0469
10.2812
9.57812
8.89062
9.35938
10.3906
10.1562
10.0781
10.0938
9.6875
9.375
10.1406
10.125
10.0312
8.65625
8.26562
10.0156
10.4688
10.7812
11.1719
10.5
8.6875
8.85938
9.95312
11.1875
10.2969
10.7188
10.3906
10.25
10.3125
9.625
10.4062
10.0469
9.59375
11.0938
10.75
10.3594
10.3281
8.71875
11.25
13.625
15.5781
15.9844
15.5938
17.1719
16.2188
16.6719
15.8125
29.7188
42.4844
43.9531
42.375
42.0938
43.9844
53.375
37.0938
40.5781
44.5469
45.4531
48.0938
58.75
68.3906
73.7812
75.125
74.625
82.625
81.9062
84.2344
85.4844
83.0469
81.875
81.0625
83.2031
79.4375
80.0469
76.8594
80.6406
76.2656
75.5312
74.4531
71.6406
75.3438
74.875
74.3281
77.3594
73.2656
72.1094
69.9375
71.6719
68.6094
73.8438
75.9844
70.875
63.75
60.2969
59.3594
56.6875
53.8906
50.8281
49
41.9062
43.6562
42.7188
46.0625
43.9375
44.7188
44.2969
44.4688
44.75
42.4688
43.2344
44.2344
43.2969
44.8281
45.0625
45.625
46.1562
44.8438
44.6406
43.8438
45.7031
44.75
45.8281
46.6875
46.4531
46.2969
45.0625
44.6875
45.6719
47.2656
49.4688
49.9375
49.5781
54.0625
56.7344
58.3125
55.1406
53.125
54.5156
58.0156
64.2344
61.4219
59.5156
60.0781
61.9219
71.4062
76.9844
82.1094
88.5312
91.3906
94.1094
94.5625
93.2188
91.4844
91.8906
90.8125
89.75
90.5
88.4844
85.7656
78.7188
76.7969
77.4375
73.8438
69.2344
70.2188
69.7031
70.6875
69.9688
68.3906
66.1719
66.4531
66.9531
67.2812
69.3281
66.0938
65.875
63.7812
59.3906
55.9688
55.5
55.7031
53.9844
53.25
51.8906
53.5156
56.6094
59.3906
60.5625
62.1406
64.2344
65.4531
66.1094
66.2031
66.2812
67.9688
70.7656
68.9844
70.625
72.6875
71.7031
68.6406
64.9844
61.3281
56.4688
56.9531
56.2969
55.8594
55.8125
57.6875
54.0938
53.3125
46.9844
46.9219
44.9062
46.9531
47.5156
46.5625
46.1094
52.0156
56.5781
54.2812
53.3281
53.0312
51.5469
51.6406
54.4688
59.3906
61.25
56.8125
58.1094
54.3594
57.8125
59.9531
56.9375
56.5156
57.3438
55.1094
54.6875
54.4844
55.4375
51.5312
56.5312
52.125
51.5938
55.25
57.7188
59.6406
60.6719
62.6406
60.9844
61.7188
65.5156
65.7188
62.1406
60.1875
55.5625
52.7188
48.375
51.7031
54.4688
55.2969
55.8438
58.5312
56.2812
58.4062
56.9219
56.375
52.625
52.4375
50.9375
52.7969
49.0625
53.2344
51.2969
49.2969
49.75
49.6875
51.8125
51.4219
51.0312
49.7969
50.3906
50.7812
52.2969
53.2812
52.7031
49.75
49.25
48.6875
46.5469
44.4688
41
41.3125
42.2812
41.4688
43.4844
47.375
48.7969
45.9062
45.1875
45.9375
46.8125
47.7344
46.6719
46.6875
49.2031
48.2031
47.2656
48.1875
47.1094
48.0312
45.7656
46.3438
45.4531
46.7031
45.7812
44.9062
43.7031
44.2188
42.5625
43.5938
41.875
43.1406
42.8281
45.2188
44.1562
43.3125
45.4375
45.5938
43.0469
43.8125
43.0625
42.4375
41.3906
42.5469
41.5156
40.3281
40.375
38.5469
40.1719
40.3125
40.7812
39.2031
39.75
38.4844
38.9844
39.5312
38.5781
38.5156
39.125
37.4688
37.5938
38.4531
37.4531
37.5469
39
38.7031
38.625
38.7188
38.0781
37.4531
39.2969
38.3594
38.125
37.0625
38.1094
37.4062
36.6406
36.4688
36.25
37.5625
29.875
30.2656
30.7031
29.3438
31.1094
28.2969
29.375
29.6562
30.6406
30.8594
31.0312
29.7969
30.6719
31.0312
29.4531
31.125
29.125
29.4062
30.875
33.4219
31.5781
32.4844
32.0781
30.5156
30.4531
30.5156
29.8281
28.75
29.1719
28.5
30.4688
28.7656
29.3281
27.6406
27.25
28.625
27.6719
28.0156
27.3281
26
24.5781
23.2656
23.3906
21.2344
22.5312
22.875
22.6562
21.5781
22.4688
22.7656
23.6094
22.9844
21.5938
20.5469
19
19.125
18.1094
16.3438
17.0469
17.9688
17.2344
17.8906
16.9219
16.4531
16.9375
16.4688
16.3906
17.0938
14.9219
14.7656
14.1875
15.0781
12.8438
13.3125
13.625
11.6094
12.1094
11.3125
10.4844
10.0625
9.98438
8.75
9.67188
9.375
8.67188
10.3125
9.26562
8.875
9.29688
8.6875
8.54688
8.46875
8.01562
7.78125
7.5625
7
6.59375
6.90625
5.71875
6.89062
5.98438
5.71875
6.48438
5.98438
5.85938
5.78125
4.59375
5.54688
5.34375
5.25
5.375
5.17188
5.3125
5.09375
5.76562
4.8125
4.89062
4.84375
5.07812
4.375
4.95312
3.8125
4.35938
3.375
4.23438
3.9375
3.53125
3.8125
3.625
3.0625
